Compiling the CXX compiler identification source file "CMakeCXXCompilerId.cpp" failed.
Compiler:  
Build flags: 
Id flags:  

The output was:
1
MSBuild version 17.4.0+18d5aef85 for .NET Framework
Build started 03/01/2023 17:16:02.
Project "C:\Users\TEMPTECH\ulam_app\build\windows\CMakeFiles\3.24.202208181-MSVC_2\CompilerIdCXX\CompilerIdCXX.vcxproj" on node 1 (default targets).
PrepareForBuild:
  Creating directory "Debug\".
  Creating directory "Debug\CompilerIdCXX.tlog\".
InitializeBuildStatus:
  Creating "Debug\CompilerIdCXX.tlog\unsuccessfulbuild" because "AlwaysCreate" was specified.
ClCompile:
  C:\Program Files\Microsoft Visual Studio\2022\Community\VC\Tools\MSVC\14.34.31933\bin\HostX64\x64\CL.exe /c /nologo /W0 /WX- /diagnostics:column /Od /D _MBCS /Gm- /EHsc /RTC1 /MDd /GS /fp:precise /Zc:wchar_t /Zc:forScope /Zc:inline /Fo"Debug\\" /Fd"Debug\vc143.pdb" /external:W0 /Gd /TP /FC /errorReport:queue CMakeCXXCompilerId.cpp
  CMakeCXXCompilerId.cpp
Link:
  C:\Program Files\Microsoft Visual Studio\2022\Community\VC\Tools\MSVC\14.34.31933\bin\HostX64\x64\link.exe /ERRORREPORT:QUEUE /OUT:".\CompilerIdCXX.exe" /INCREMENTAL:NO /NOLOGO kernel32.lib user32.lib gdi32.lib winspool.lib comdlg32.lib advapi32.lib shell32.lib ole32.lib oleaut32.lib uuid.lib odbc32.lib odbccp32.lib /MANIFEST /MANIFESTUAC:"level='asInvoker' uiAccess='false'" /manifest:embed /PDB:".\CompilerIdCXX.pdb" /SUBSYSTEM:CONSOLE /TLBID:1 /DYNAMICBASE /NXCOMPAT /IMPLIB:".\CompilerIdCXX.lib" /MACHINE:X64 Debug\CMakeCXXCompilerId.obj
LINK : fatal error LNK1104: cannot open file '.\CompilerIdCXX.exe' [C:\Users\TEMPTECH\ulam_app\build\windows\CMakeFiles\3.24.202208181-MSVC_2\CompilerIdCXX\CompilerIdCXX.vcxproj]
Done Building Project "C:\Users\TEMPTECH\ulam_app\build\windows\CMakeFiles\3.24.202208181-MSVC_2\CompilerIdCXX\CompilerIdCXX.vcxproj" (default targets) -- FAILED.

Build FAILED.

"C:\Users\TEMPTECH\ulam_app\build\windows\CMakeFiles\3.24.202208181-MSVC_2\CompilerIdCXX\CompilerIdCXX.vcxproj" (default target) (1) ->
(Link target) -> 
  LINK : fatal error LNK1104: cannot open file '.\CompilerIdCXX.exe' [C:\Users\TEMPTECH\ulam_app\build\windows\CMakeFiles\3.24.202208181-MSVC_2\CompilerIdCXX\CompilerIdCXX.vcxproj]

    0 Warning(s)
    1 Error(s)

Time Elapsed 00:02:55.27


Compiling the CXX compiler identification source file "CMakeCXXCompilerId.cpp" failed.
Compiler:  
Build flags: 
Id flags:  

The output was:
1
MSBuild version 17.4.0+18d5aef85 for .NET Framework
Build started 03/01/2023 17:19:32.
Project "C:\Users\TEMPTECH\ulam_app\build\windows\CMakeFiles\3.24.202208181-MSVC_2\CompilerIdCXX\CompilerIdCXX.vcxproj" on node 1 (default targets).
InitializeBuildStatus:
  Touching "Debug\CompilerIdCXX.tlog\unsuccessfulbuild".
C:\Program Files\Microsoft Visual Studio\2022\Community\MSBuild\Microsoft\VC\v170\Microsoft.CppCommon.targets(703,5): error MSB6003: The specified task executable "CL.exe" could not be run. System.IO.IOException: The process cannot access the file 'C:\USERS\TEMPTECH\ULAM_APP\BUILD\WINDOWS\CMAKEFILES\3.24.202208181-MSVC_2\COMPILERIDCXX\DEBUG\CMAKECXXCOMPILERID.OBJ' because it is being used by another process. [C:\Users\TEMPTECH\ulam_app\build\windows\CMakeFiles\3.24.202208181-MSVC_2\CompilerIdCXX\CompilerIdCXX.vcxproj]
C:\Program Files\Microsoft Visual Studio\2022\Community\MSBuild\Microsoft\VC\v170\Microsoft.CppCommon.targets(703,5): error MSB6003:    at System.IO.__Error.WinIOError(Int32 errorCode, String maybeFullPath) [C:\Users\TEMPTECH\ulam_app\build\windows\CMakeFiles\3.24.202208181-MSVC_2\CompilerIdCXX\CompilerIdCXX.vcxproj]
C:\Program Files\Microsoft Visual Studio\2022\Community\MSBuild\Microsoft\VC\v170\Microsoft.CppCommon.targets(703,5): error MSB6003:    at System.IO.FileInfo.Delete() [C:\Users\TEMPTECH\ulam_app\build\windows\CMakeFiles\3.24.202208181-MSVC_2\CompilerIdCXX\CompilerIdCXX.vcxproj]
C:\Program Files\Microsoft Visual Studio\2022\Community\MSBuild\Microsoft\VC\v170\Microsoft.CppCommon.targets(703,5): error MSB6003:    at Microsoft.Build.CPPTasks.TrackedVCToolTask.DeleteFiles(ITaskItem[] filesToDelete) [C:\Users\TEMPTECH\ulam_app\build\windows\CMakeFiles\3.24.202208181-MSVC_2\CompilerIdCXX\CompilerIdCXX.vcxproj]
C:\Program Files\Microsoft Visual Studio\2022\Community\MSBuild\Microsoft\VC\v170\Microsoft.CppCommon.targets(703,5): error MSB6003:    at Microsoft.Build.CPPTasks.CL.ComputeOutOfDateSources() [C:\Users\TEMPTECH\ulam_app\build\windows\CMakeFiles\3.24.202208181-MSVC_2\CompilerIdCXX\CompilerIdCXX.vcxproj]
C:\Program Files\Microsoft Visual Studio\2022\Community\MSBuild\Microsoft\VC\v170\Microsoft.CppCommon.targets(703,5): error MSB6003:    at Microsoft.Build.Utilities.ToolTask.Execute() [C:\Users\TEMPTECH\ulam_app\build\windows\CMakeFiles\3.24.202208181-MSVC_2\CompilerIdCXX\CompilerIdCXX.vcxproj]
Done Building Project "C:\Users\TEMPTECH\ulam_app\build\windows\CMakeFiles\3.24.202208181-MSVC_2\CompilerIdCXX\CompilerIdCXX.vcxproj" (default targets) -- FAILED.

Build FAILED.

"C:\Users\TEMPTECH\ulam_app\build\windows\CMakeFiles\3.24.202208181-MSVC_2\CompilerIdCXX\CompilerIdCXX.vcxproj" (default target) (1) ->
(ClCompile target) -> 
  C:\Program Files\Microsoft Visual Studio\2022\Community\MSBuild\Microsoft\VC\v170\Microsoft.CppCommon.targets(703,5): error MSB6003: The specified task executable "CL.exe" could not be run. System.IO.IOException: The process cannot access the file 'C:\USERS\TEMPTECH\ULAM_APP\BUILD\WINDOWS\CMAKEFILES\3.24.202208181-MSVC_2\COMPILERIDCXX\DEBUG\CMAKECXXCOMPILERID.OBJ' because it is being used by another process. [C:\Users\TEMPTECH\ulam_app\build\windows\CMakeFiles\3.24.202208181-MSVC_2\CompilerIdCXX\CompilerIdCXX.vcxproj]
C:\Program Files\Microsoft Visual Studio\2022\Community\MSBuild\Microsoft\VC\v170\Microsoft.CppCommon.targets(703,5): error MSB6003:    at System.IO.__Error.WinIOError(Int32 errorCode, String maybeFullPath) [C:\Users\TEMPTECH\ulam_app\build\windows\CMakeFiles\3.24.202208181-MSVC_2\CompilerIdCXX\CompilerIdCXX.vcxproj]
C:\Program Files\Microsoft Visual Studio\2022\Community\MSBuild\Microsoft\VC\v170\Microsoft.CppCommon.targets(703,5): error MSB6003:    at System.IO.FileInfo.Delete() [C:\Users\TEMPTECH\ulam_app\build\windows\CMakeFiles\3.24.202208181-MSVC_2\CompilerIdCXX\CompilerIdCXX.vcxproj]
C:\Program Files\Microsoft Visual Studio\2022\Community\MSBuild\Microsoft\VC\v170\Microsoft.CppCommon.targets(703,5): error MSB6003:    at Microsoft.Build.CPPTasks.TrackedVCToolTask.DeleteFiles(ITaskItem[] filesToDelete) [C:\Users\TEMPTECH\ulam_app\build\windows\CMakeFiles\3.24.202208181-MSVC_2\CompilerIdCXX\CompilerIdCXX.vcxproj]
C:\Program Files\Microsoft Visual Studio\2022\Community\MSBuild\Microsoft\VC\v170\Microsoft.CppCommon.targets(703,5): error MSB6003:    at Microsoft.Build.CPPTasks.CL.ComputeOutOfDateSources() [C:\Users\TEMPTECH\ulam_app\build\windows\CMakeFiles\3.24.202208181-MSVC_2\CompilerIdCXX\CompilerIdCXX.vcxproj]
C:\Program Files\Microsoft Visual Studio\2022\Community\MSBuild\Microsoft\VC\v170\Microsoft.CppCommon.targets(703,5): error MSB6003:    at Microsoft.Build.Utilities.ToolTask.Execute() [C:\Users\TEMPTECH\ulam_app\build\windows\CMakeFiles\3.24.202208181-MSVC_2\CompilerIdCXX\CompilerIdCXX.vcxproj]

    0 Warning(s)
    1 Error(s)

Time Elapsed 00:01:58.92


